<?xml version='1.0' encoding='UTF-8'?>
<testsuite hostname="Basil-DEV" name="SetSuite" tests="2" errors="0" failures="0" time="0.021">
                     <properties>
[...]
</properties>
                     <testcase classname="SetSuite" name="An empty Set should have size 0" time="0.02">
                                                 
                                               </testcase><testcase classname="SetSuite" name="Invoking head on an empty Set should produce NoSuchElementException" time="0.001">
                                                 
                                               </testcase>
                     <system-out></system-out>
                     <system-err></system-err>
                   </testsuite>